2025/10/12 21:21:57 Error reading config file: Config File "config" Not Found in "[/Users/mac/StudioProjects/thyne_jewls/backend /Users/mac/StudioProjects/thyne_jewls/backend/config /Users/mac/StudioProjects/thyne_jewls/config /Users/mac/StudioProjects/config]"
Successfully connected to MongoDB database: thyne_jewels
[GIN-debug] [WARNING] Running in "debug" mode. Switch to "release" mode in production.
 - using env:	export GIN_MODE=release
 - using code:	gin.SetMode(gin.ReleaseMode)

[GIN-debug] GET    /health                   --> main.main.func2 (4 handlers)
[GIN-debug] GET    /docs                     --> main.main.func3 (4 handlers)
[GIN-debug] GET    /docs/*any                --> github.com/swaggo/gin-swagger.CustomWrapHandler.func1 (4 handlers)
[GIN-debug] POST   /api/v1/auth/register     --> thyne-jewels-backend/internal/handlers.(*AuthHandler).Register-fm (4 handlers)
[GIN-debug] POST   /api/v1/auth/login        --> thyne-jewels-backend/internal/handlers.(*AuthHandler).Login-fm (4 handlers)
[GIN-debug] POST   /api/v1/auth/logout       --> thyne-jewels-backend/internal/handlers.(*AuthHandler).Logout-fm (5 handlers)
[GIN-debug] POST   /api/v1/auth/refresh      --> thyne-jewels-backend/internal/handlers.(*AuthHandler).RefreshToken-fm (4 handlers)
[GIN-debug] POST   /api/v1/auth/forgot-password --> thyne-jewels-backend/internal/handlers.(*AuthHandler).ForgotPassword-fm (4 handlers)
[GIN-debug] POST   /api/v1/auth/reset-password --> thyne-jewels-backend/internal/handlers.(*AuthHandler).ResetPassword-fm (4 handlers)
[GIN-debug] GET    /api/v1/users/profile     --> thyne-jewels-backend/internal/handlers.(*UserHandler).GetProfile-fm (5 handlers)
[GIN-debug] PUT    /api/v1/users/profile     --> thyne-jewels-backend/internal/handlers.(*UserHandler).UpdateProfile-fm (5 handlers)
[GIN-debug] POST   /api/v1/users/addresses   --> thyne-jewels-backend/internal/handlers.(*UserHandler).AddAddress-fm (5 handlers)
[GIN-debug] PUT    /api/v1/users/addresses/:id --> thyne-jewels-backend/internal/handlers.(*UserHandler).UpdateAddress-fm (5 handlers)
[GIN-debug] DELETE /api/v1/users/addresses/:id --> thyne-jewels-backend/internal/handlers.(*UserHandler).DeleteAddress-fm (5 handlers)
[GIN-debug] POST   /api/v1/users/addresses/:id/default --> thyne-jewels-backend/internal/handlers.(*UserHandler).SetDefaultAddress-fm (5 handlers)
[GIN-debug] POST   /api/v1/users/change-password --> thyne-jewels-backend/internal/handlers.(*UserHandler).ChangePassword-fm (5 handlers)
[GIN-debug] GET    /api/v1/users/wishlist    --> thyne-jewels-backend/internal/handlers.(*UserHandler).GetWishlist-fm (5 handlers)
[GIN-debug] POST   /api/v1/users/wishlist    --> thyne-jewels-backend/internal/handlers.(*UserHandler).AddToWishlist-fm (5 handlers)
[GIN-debug] DELETE /api/v1/users/wishlist/:productId --> thyne-jewels-backend/internal/handlers.(*UserHandler).RemoveFromWishlist-fm (5 handlers)
[GIN-debug] GET    /api/v1/products          --> thyne-jewels-backend/internal/handlers.(*ProductHandler).GetProducts-fm (4 handlers)
[GIN-debug] GET    /api/v1/products/:id      --> thyne-jewels-backend/internal/handlers.(*ProductHandler).GetProduct-fm (4 handlers)
[GIN-debug] GET    /api/v1/products/categories --> thyne-jewels-backend/internal/handlers.(*ProductHandler).GetCategories-fm (4 handlers)
[GIN-debug] GET    /api/v1/products/featured --> thyne-jewels-backend/internal/handlers.(*ProductHandler).GetFeaturedProducts-fm (4 handlers)
[GIN-debug] GET    /api/v1/products/search   --> thyne-jewels-backend/internal/handlers.(*ProductHandler).SearchProducts-fm (4 handlers)
[GIN-debug] GET    /api/v1/products/:id/reviews --> thyne-jewels-backend/internal/handlers.(*ProductHandler).GetProductReviews-fm (4 handlers)
[GIN-debug] GET    /api/v1/cart              --> thyne-jewels-backend/internal/handlers.(*CartHandler).GetCart-fm (5 handlers)
[GIN-debug] POST   /api/v1/cart/add          --> thyne-jewels-backend/internal/handlers.(*CartHandler).AddToCart-fm (5 handlers)
[GIN-debug] PUT    /api/v1/cart/update       --> thyne-jewels-backend/internal/handlers.(*CartHandler).UpdateCartItem-fm (5 handlers)
[GIN-debug] DELETE /api/v1/cart/remove/:productId --> thyne-jewels-backend/internal/handlers.(*CartHandler).RemoveFromCart-fm (5 handlers)
[GIN-debug] POST   /api/v1/cart/coupon       --> thyne-jewels-backend/internal/handlers.(*CartHandler).ApplyCoupon-fm (5 handlers)
[GIN-debug] DELETE /api/v1/cart/coupon       --> thyne-jewels-backend/internal/handlers.(*CartHandler).RemoveCoupon-fm (5 handlers)
[GIN-debug] DELETE /api/v1/cart/clear        --> thyne-jewels-backend/internal/handlers.(*CartHandler).ClearCart-fm (5 handlers)
[GIN-debug] POST   /api/v1/orders            --> thyne-jewels-backend/internal/handlers.(*OrderHandler).CreateOrder-fm (5 handlers)
[GIN-debug] GET    /api/v1/orders            --> thyne-jewels-backend/internal/handlers.(*OrderHandler).GetOrders-fm (5 handlers)
[GIN-debug] GET    /api/v1/orders/search     --> thyne-jewels-backend/internal/handlers.(*OrderHandler).SearchOrders-fm (5 handlers)
[GIN-debug] GET    /api/v1/orders/:id        --> thyne-jewels-backend/internal/handlers.(*OrderHandler).GetOrder-fm (5 handlers)
[GIN-debug] DELETE /api/v1/orders/:id        --> thyne-jewels-backend/internal/handlers.(*OrderHandler).CancelOrder-fm (5 handlers)
[GIN-debug] POST   /api/v1/orders/:id/return --> thyne-jewels-backend/internal/handlers.(*OrderHandler).ReturnOrder-fm (5 handlers)
[GIN-debug] POST   /api/v1/orders/:id/refund --> thyne-jewels-backend/internal/handlers.(*OrderHandler).RefundOrder-fm (5 handlers)
[GIN-debug] GET    /api/v1/orders/:id/track  --> thyne-jewels-backend/internal/handlers.(*OrderHandler).TrackOrder-fm (5 handlers)
[GIN-debug] POST   /api/v1/invoices/generate --> thyne-jewels-backend/internal/handlers.(*InvoiceHandler).GenerateInvoice-fm (5 handlers)
[GIN-debug] GET    /api/v1/invoices          --> thyne-jewels-backend/internal/handlers.(*InvoiceHandler).GetUserInvoices-fm (5 handlers)
[GIN-debug] GET    /api/v1/invoices/:id      --> thyne-jewels-backend/internal/handlers.(*InvoiceHandler).GetInvoice-fm (5 handlers)
[GIN-debug] GET    /api/v1/invoices/order/:orderId --> thyne-jewels-backend/internal/handlers.(*InvoiceHandler).GetInvoiceByOrderID-fm (5 handlers)
[GIN-debug] POST   /api/v1/invoices/:id/download --> thyne-jewels-backend/internal/handlers.(*InvoiceHandler).MarkInvoiceAsDownloaded-fm (5 handlers)
[GIN-debug] POST   /api/v1/reviews           --> thyne-jewels-backend/internal/handlers.(*ReviewHandler).CreateReview-fm (5 handlers)
[GIN-debug] PUT    /api/v1/reviews/:id       --> thyne-jewels-backend/internal/handlers.(*ReviewHandler).UpdateReview-fm (5 handlers)
[GIN-debug] DELETE /api/v1/reviews/:id       --> thyne-jewels-backend/internal/handlers.(*ReviewHandler).DeleteReview-fm (5 handlers)
[GIN-debug] POST   /api/v1/guest/session     --> thyne-jewels-backend/internal/handlers.(*GuestHandler).CreateSession-fm (4 handlers)
[GIN-debug] GET    /api/v1/guest/session/:id --> thyne-jewels-backend/internal/handlers.(*GuestHandler).GetSession-fm (4 handlers)
[GIN-debug] PUT    /api/v1/guest/session/:id --> thyne-jewels-backend/internal/handlers.(*GuestHandler).UpdateSession-fm (4 handlers)
[GIN-debug] DELETE /api/v1/guest/session/:id --> thyne-jewels-backend/internal/handlers.(*GuestHandler).DeleteSession-fm (4 handlers)
[GIN-debug] POST   /api/v1/payment/create-order --> thyne-jewels-backend/internal/handlers.(*OrderHandler).CreatePaymentOrder-fm (5 handlers)
[GIN-debug] POST   /api/v1/payment/verify    --> thyne-jewels-backend/internal/handlers.(*OrderHandler).VerifyPayment-fm (5 handlers)
[GIN-debug] POST   /api/v1/payment/webhook   --> thyne-jewels-backend/internal/handlers.(*OrderHandler).HandleWebhook-fm (5 handlers)
[GIN-debug] GET    /api/v1/loyalty/tiers     --> thyne-jewels-backend/internal/handlers.(*LoyaltyHandler).GetTierInfo-fm (4 handlers)
[GIN-debug] GET    /api/v1/loyalty/redemption-options --> thyne-jewels-backend/internal/handlers.(*LoyaltyHandler).GetRedemptionOptions-fm (4 handlers)
[GIN-debug] GET    /api/v1/loyalty/config    --> thyne-jewels-backend/internal/handlers.(*LoyaltyHandler).GetLoyaltyConfig-fm (4 handlers)
[GIN-debug] GET    /api/v1/loyalty/program   --> thyne-jewels-backend/internal/handlers.(*LoyaltyHandler).GetLoyaltyProgram-fm (5 handlers)
[GIN-debug] GET    /api/v1/loyalty/credits/history --> thyne-jewels-backend/internal/handlers.(*LoyaltyHandler).GetCreditHistory-fm (5 handlers)
[GIN-debug] POST   /api/v1/loyalty/redeem    --> thyne-jewels-backend/internal/handlers.(*LoyaltyHandler).RedeemCredits-fm (5 handlers)
[GIN-debug] POST   /api/v1/loyalty/daily-login --> thyne-jewels-backend/internal/handlers.(*LoyaltyHandler).CheckDailyLogin-fm (5 handlers)
[GIN-debug] GET    /api/v1/events/upcoming   --> thyne-jewels-backend/internal/handlers.(*EventHandler).GetEvents-fm (4 handlers)
[GIN-debug] GET    /api/v1/banners/active    --> thyne-jewels-backend/internal/handlers.(*EventHandler).GetActiveBanners-fm (4 handlers)
[GIN-debug] GET    /api/v1/theme/active      --> thyne-jewels-backend/internal/handlers.(*EventHandler).GetActiveTheme-fm (4 handlers)
[GIN-debug] GET    /api/v1/promotions/active --> thyne-jewels-backend/internal/handlers.(*EventHandler).GetActivePromotions-fm (4 handlers)
[GIN-debug] GET    /api/v1/promotions/popups --> thyne-jewels-backend/internal/handlers.(*EventHandler).GetPopupPromotions-fm (4 handlers)
[GIN-debug] GET    /api/v1/homepage          --> thyne-jewels-backend/internal/handlers.(*HomepageHandler).GetHomepageData-fm (4 handlers)
[GIN-debug] GET    /api/v1/homepage/deal-of-day --> thyne-jewels-backend/internal/handlers.(*HomepageHandler).GetActiveDealOfDay-fm (4 handlers)
[GIN-debug] GET    /api/v1/homepage/flash-sales --> thyne-jewels-backend/internal/handlers.(*HomepageHandler).GetActiveFlashSales-fm (4 handlers)
[GIN-debug] GET    /api/v1/homepage/brands   --> thyne-jewels-backend/internal/handlers.(*HomepageHandler).GetActiveBrands-fm (4 handlers)
[GIN-debug] POST   /api/v1/homepage/track/:productId --> thyne-jewels-backend/internal/handlers.(*HomepageHandler).TrackProductView-fm (4 handlers)
[GIN-debug] GET    /api/v1/homepage/recently-viewed --> thyne-jewels-backend/internal/handlers.(*HomepageHandler).GetRecentlyViewed-fm (4 handlers)
[GIN-debug] GET    /api/v1/admin/dashboard/stats --> thyne-jewels-backend/internal/handlers.(*AdminHandler).GetDashboardStats-fm (6 handlers)
[GIN-debug] GET    /api/v1/admin/dashboard/activities --> thyne-jewels-backend/internal/handlers.(*AdminHandler).GetRecentActivities-fm (6 handlers)
[GIN-debug] GET    /api/v1/admin/dashboard/users --> thyne-jewels-backend/internal/handlers.(*AdminHandler).GetUserStatistics-fm (6 handlers)
[GIN-debug] GET    /api/v1/admin/dashboard/products --> thyne-jewels-backend/internal/handlers.(*AdminHandler).GetProductStatistics-fm (6 handlers)
[GIN-debug] POST   /api/v1/admin/products    --> thyne-jewels-backend/internal/handlers.(*ProductHandler).CreateProduct-fm (6 handlers)
[GIN-debug] PUT    /api/v1/admin/products/:id --> thyne-jewels-backend/internal/handlers.(*ProductHandler).UpdateProduct-fm (6 handlers)
[GIN-debug] DELETE /api/v1/admin/products/:id --> thyne-jewels-backend/internal/handlers.(*ProductHandler).DeleteProduct-fm (6 handlers)
[GIN-debug] PUT    /api/v1/admin/products/:id/stock --> thyne-jewels-backend/internal/handlers.(*ProductHandler).UpdateProductStock-fm (6 handlers)
[GIN-debug] POST   /api/v1/admin/products/bulk-upload --> thyne-jewels-backend/internal/handlers.(*AdminHandler).BulkUploadProducts-fm (6 handlers)
[GIN-debug] GET    /api/v1/admin/categories  --> thyne-jewels-backend/internal/handlers.(*CategoryHandler).GetAllCategories-fm (6 handlers)
[GIN-debug] POST   /api/v1/admin/categories  --> thyne-jewels-backend/internal/handlers.(*CategoryHandler).CreateCategory-fm (6 handlers)
[GIN-debug] PUT    /api/v1/admin/categories/:id --> thyne-jewels-backend/internal/handlers.(*CategoryHandler).UpdateCategory-fm (6 handlers)
[GIN-debug] DELETE /api/v1/admin/categories/:id --> thyne-jewels-backend/internal/handlers.(*CategoryHandler).DeleteCategory-fm (6 handlers)
[GIN-debug] GET    /api/v1/admin/orders      --> thyne-jewels-backend/internal/handlers.(*AdminHandler).GetAllOrders-fm (6 handlers)
[GIN-debug] GET    /api/v1/admin/orders/:id  --> thyne-jewels-backend/internal/handlers.(*AdminHandler).GetOrderDetails-fm (6 handlers)
[GIN-debug] PUT    /api/v1/admin/orders/:id/status --> thyne-jewels-backend/internal/handlers.(*AdminHandler).UpdateOrderStatus-fm (6 handlers)
[GIN-debug] GET    /api/v1/admin/orders/analytics --> thyne-jewels-backend/internal/handlers.(*AdminHandler).GetOrderAnalytics-fm (6 handlers)
[GIN-debug] GET    /api/v1/admin/users       --> thyne-jewels-backend/internal/handlers.(*UserHandler).GetAllUsers-fm (6 handlers)
[GIN-debug] GET    /api/v1/admin/users/search --> thyne-jewels-backend/internal/handlers.(*UserHandler).SearchUsers-fm (6 handlers)
[GIN-debug] GET    /api/v1/admin/users/:id   --> thyne-jewels-backend/internal/handlers.(*UserHandler).GetUserByID-fm (6 handlers)
[GIN-debug] POST   /api/v1/admin/users/:id/activate --> thyne-jewels-backend/internal/handlers.(*UserHandler).ActivateUser-fm (6 handlers)
[GIN-debug] POST   /api/v1/admin/users/:id/deactivate --> thyne-jewels-backend/internal/handlers.(*UserHandler).DeactivateUser-fm (6 handlers)
[GIN-debug] POST   /api/v1/admin/users/:id/make-admin --> thyne-jewels-backend/internal/handlers.(*UserHandler).MakeUserAdmin-fm (6 handlers)
[GIN-debug] POST   /api/v1/admin/users/:id/remove-admin --> thyne-jewels-backend/internal/handlers.(*UserHandler).RemoveUserAdmin-fm (6 handlers)
[GIN-debug] GET    /api/v1/admin/system/health --> thyne-jewels-backend/internal/handlers.(*AdminHandler).GetSystemHealth-fm (6 handlers)
[GIN-debug] GET    /api/v1/admin/audit-logs  --> thyne-jewels-backend/internal/handlers.(*AdminHandler).GetAuditLogs-fm (6 handlers)
[GIN-debug] POST   /api/v1/admin/export/orders --> thyne-jewels-backend/internal/handlers.(*AdminHandler).ExportOrders-fm (6 handlers)
[GIN-debug] POST   /api/v1/admin/events      --> thyne-jewels-backend/internal/handlers.(*EventHandler).CreateEvent-fm (6 handlers)
[GIN-debug] GET    /api/v1/admin/events      --> thyne-jewels-backend/internal/handlers.(*EventHandler).GetEvents-fm (6 handlers)
[GIN-debug] GET    /api/v1/admin/events/:id  --> thyne-jewels-backend/internal/handlers.(*EventHandler).GetEvent-fm (6 handlers)
[GIN-debug] PUT    /api/v1/admin/events/:id  --> thyne-jewels-backend/internal/handlers.(*EventHandler).UpdateEvent-fm (6 handlers)
[GIN-debug] DELETE /api/v1/admin/events/:id  --> thyne-jewels-backend/internal/handlers.(*EventHandler).DeleteEvent-fm (6 handlers)
[GIN-debug] POST   /api/v1/admin/banners     --> thyne-jewels-backend/internal/handlers.(*EventHandler).CreateBanner-fm (6 handlers)
[GIN-debug] GET    /api/v1/admin/banners     --> thyne-jewels-backend/internal/handlers.(*EventHandler).GetBanners-fm (6 handlers)
[GIN-debug] GET    /api/v1/admin/banners/:id --> thyne-jewels-backend/internal/handlers.(*EventHandler).GetBanner-fm (6 handlers)
[GIN-debug] PUT    /api/v1/admin/banners/:id --> thyne-jewels-backend/internal/handlers.(*EventHandler).UpdateBanner-fm (6 handlers)
[GIN-debug] DELETE /api/v1/admin/banners/:id --> thyne-jewels-backend/internal/handlers.(*EventHandler).DeleteBanner-fm (6 handlers)
[GIN-debug] POST   /api/v1/admin/themes      --> thyne-jewels-backend/internal/handlers.(*EventHandler).CreateTheme-fm (6 handlers)
[GIN-debug] GET    /api/v1/admin/themes      --> thyne-jewels-backend/internal/handlers.(*EventHandler).GetThemes-fm (6 handlers)
[GIN-debug] POST   /api/v1/admin/themes/:id/activate --> thyne-jewels-backend/internal/handlers.(*EventHandler).ActivateTheme-fm (6 handlers)
[GIN-debug] DELETE /api/v1/admin/themes/:id  --> thyne-jewels-backend/internal/handlers.(*EventHandler).DeleteTheme-fm (6 handlers)
[GIN-debug] POST   /api/v1/admin/promotions  --> thyne-jewels-backend/internal/handlers.(*EventHandler).CreatePromotion-fm (6 handlers)
[GIN-debug] DELETE /api/v1/admin/promotions/:id --> thyne-jewels-backend/internal/handlers.(*EventHandler).DeletePromotion-fm (6 handlers)
[GIN-debug] GET    /api/v1/admin/invoices    --> thyne-jewels-backend/internal/handlers.(*InvoiceHandler).ListAllInvoices-fm (6 handlers)
[GIN-debug] GET    /api/v1/admin/invoices/export/csv --> thyne-jewels-backend/internal/handlers.(*InvoiceHandler).ExportInvoicesCSV-fm (6 handlers)
[GIN-debug] DELETE /api/v1/admin/invoices/:id --> thyne-jewels-backend/internal/handlers.(*InvoiceHandler).DeleteInvoice-fm (6 handlers)
[GIN-debug] GET    /api/v1/admin/loyalty/config --> thyne-jewels-backend/internal/handlers.(*LoyaltyHandler).GetLoyaltyConfig-fm (6 handlers)
[GIN-debug] PUT    /api/v1/admin/loyalty/config --> thyne-jewels-backend/internal/handlers.(*LoyaltyHandler).UpdateLoyaltyConfig-fm (6 handlers)
[GIN-debug] GET    /api/v1/admin/loyalty/statistics --> thyne-jewels-backend/internal/handlers.(*LoyaltyHandler).GetLoyaltyStatistics-fm (6 handlers)
[GIN-debug] GET    /api/v1/admin/loyalty/top-members --> thyne-jewels-backend/internal/handlers.(*LoyaltyHandler).GetTopLoyaltyMembers-fm (6 handlers)
[GIN-debug] GET    /api/v1/admin/loyalty/export --> thyne-jewels-backend/internal/handlers.(*LoyaltyHandler).ExportLoyaltyData-fm (6 handlers)
[GIN-debug] POST   /api/v1/admin/loyalty/credits/add --> thyne-jewels-backend/internal/handlers.(*LoyaltyHandler).AddCredits-fm (6 handlers)
[GIN-debug] GET    /api/v1/admin/homepage/config --> thyne-jewels-backend/internal/handlers.(*HomepageHandler).GetHomepageConfig-fm (6 handlers)
[GIN-debug] PUT    /api/v1/admin/homepage/config --> thyne-jewels-backend/internal/handlers.(*HomepageHandler).UpdateHomepageConfig-fm (6 handlers)
[GIN-debug] POST   /api/v1/admin/homepage/deal-of-day --> thyne-jewels-backend/internal/handlers.(*HomepageHandler).CreateDealOfDay-fm (6 handlers)
[GIN-debug] POST   /api/v1/admin/homepage/flash-sale --> thyne-jewels-backend/internal/handlers.(*HomepageHandler).CreateFlashSale-fm (6 handlers)
[GIN-debug] GET    /api/v1/admin/homepage/flash-sales --> thyne-jewels-backend/internal/handlers.(*HomepageHandler).GetAllFlashSales-fm (6 handlers)
[GIN-debug] POST   /api/v1/admin/homepage/brands --> thyne-jewels-backend/internal/handlers.(*HomepageHandler).CreateBrand-fm (6 handlers)
[GIN-debug] GET    /api/v1/admin/homepage/brands --> thyne-jewels-backend/internal/handlers.(*HomepageHandler).GetAllBrands-fm (6 handlers)
[GIN-debug] GET    /api/v1/admin/config/business --> main.main.func4 (6 handlers)
[GIN-debug] PUT    /api/v1/admin/config/business --> main.main.func5 (6 handlers)
2025/10/12 21:21:57 Server starting on localhost:8080
[GIN] 2025/10/12 - 21:22:14 | 200 |    1.830953ms |       127.0.0.1 | GET      "/api/v1/products"
[GIN] 2025/10/12 - 21:23:36 | 404 |       1.172µs |       127.0.0.1 | GET      "/api/products"
[GIN] 2025/10/12 - 21:23:48 | 200 |    1.372257ms |       127.0.0.1 | GET      "/api/v1/products"
[GIN] 2025/10/12 - 21:24:43 | 200 |    1.713352ms |       127.0.0.1 | GET      "/api/v1/products"
[GIN] 2025/10/12 - 21:24:52 | 200 |    1.988033ms |       127.0.0.1 | GET      "/api/v1/products"
[GIN] 2025/10/12 - 21:25:40 | 200 |   12.324491ms |       127.0.0.1 | GET      "/api/v1/homepage"
[GIN] 2025/10/12 - 21:25:48 | 200 |    9.247463ms |       127.0.0.1 | GET      "/api/v1/homepage"
[GIN] 2025/10/12 - 21:26:38 | 200 |    4.513925ms |       127.0.0.1 | GET      "/api/v1/theme/active"
[GIN] 2025/10/12 - 21:26:38 | 200 |    3.759065ms |       127.0.0.1 | GET      "/api/v1/products?page=1&limit=20"
[GIN] 2025/10/12 - 21:26:38 | 200 |      9.1358ms |       127.0.0.1 | GET      "/api/v1/homepage"
[GIN] 2025/10/12 - 21:26:38 | 200 |   12.232151ms |       127.0.0.1 | GET      "/api/v1/admin/dashboard/stats"
[GIN] 2025/10/12 - 21:26:38 | 200 |    4.125273ms |       127.0.0.1 | GET      "/api/v1/homepage"
[GIN] 2025/10/12 - 21:26:38 | 200 |    3.508603ms |       127.0.0.1 | GET      "/api/v1/products?page=1&limit=20"
[GIN] 2025/10/12 - 21:26:38 | 200 |    3.139955ms |       127.0.0.1 | GET      "/api/v1/users/wishlist?page=1&limit=20"
[GIN] 2025/10/12 - 21:26:38 | 200 |    1.402839ms |       127.0.0.1 | GET      "/api/v1/users/wishlist?page=1&limit=20"
[GIN] 2025/10/12 - 21:26:38 | 200 |    1.004392ms |       127.0.0.1 | GET      "/api/v1/products/68d56575e0f468d0541e9b1a"
[GIN] 2025/10/12 - 21:26:38 | 200 |    6.250691ms |       127.0.0.1 | GET      "/api/v1/admin/dashboard/products"
[GIN] 2025/10/12 - 21:26:38 | 200 |     959.652µs |       127.0.0.1 | GET      "/api/v1/products/68d56575e0f468d0541e9b1b"
[GIN] 2025/10/12 - 21:26:38 | 200 |     824.424µs |       127.0.0.1 | GET      "/api/v1/products/68d56575e0f468d0541e9b1c"
[GIN] 2025/10/12 - 21:26:38 | 200 |     919.589µs |       127.0.0.1 | GET      "/api/v1/products/68d56575e0f468d0541e9b19"
[GIN] 2025/10/12 - 21:26:38 | 200 |     754.044µs |       127.0.0.1 | GET      "/api/v1/products/68dfd3dc0665ee044efd6b67"
[GIN] 2025/10/12 - 21:26:38 | 200 |    1.250394ms |       127.0.0.1 | GET      "/api/v1/banners/active"
[GIN] 2025/10/12 - 21:26:38 | 200 |    1.176626ms |       127.0.0.1 | GET      "/api/v1/products/categories"
[GIN] 2025/10/12 - 21:26:43 | 200 |    5.780017ms |       127.0.0.1 | GET      "/api/v1/homepage"
[GIN] 2025/10/12 - 21:26:46 | 200 |   15.931868ms |       127.0.0.1 | GET      "/api/v1/products?page=1&limit=20"
[GIN] 2025/10/12 - 21:26:53 | 200 |    6.614012ms |       127.0.0.1 | GET      "/api/v1/homepage"
